app/build/intermediates/manifest_merge_blame_file/release/manifest-merger-blame-release-report.txt
1<?xml version="1.0" encoding="utf-8"?>
2<manifest xmlns:android="http://schemas.android.com/apk/res/android"
3    package="com.autolink.dvr"
4    platformBuildVersionCode="33"
5    platformBuildVersionName="13"
6    android:compileSdkVersion="33"
7    android:compileSdkVersionCodename="13"
8    android:sharedUserId="android.uid.system"
9    android:versionCode="1"
10    android:versionName="20250105-123019" >
11
12    <uses-sdk
12-->src\main\AndroidManifest.xml:11:5-13:40
13        android:minSdkVersion="23"
13-->src\main\AndroidManifest.xml:12:9-35
14        android:targetSdkVersion="33" />
14-->src\main\AndroidManifest.xml:13:9-38
15
16    <uses-permission android:name="android.permission.CAMERA" />
16-->src\main\AndroidManifest.xml:14:5-64
16-->src\main\AndroidManifest.xml:14:22-62
17    <uses-permission android:name="android.permission.INTERACT_ACROSS_USERS" />
17-->src\main\AndroidManifest.xml:15:5-79
17-->src\main\AndroidManifest.xml:15:22-77
18    <uses-permission android:name="android.permission.RECORD_AUDIO" />
18-->src\main\AndroidManifest.xml:16:5-70
18-->src\main\AndroidManifest.xml:16:22-68
19    <uses-permission android:name="android.permission.WRITE_EXTERNAL_STORAGE" />
19-->src\main\AndroidManifest.xml:17:5-80
19-->src\main\AndroidManifest.xml:17:22-78
20    <uses-permission android:name="android.permission.MANAGE_EXTERNAL_STORAGE" />
20-->src\main\AndroidManifest.xml:18:5-81
20-->src\main\AndroidManifest.xml:18:22-79
21    <uses-permission android:name="android.permission.SYSTEM_ALERT_WINDOW" />
21-->src\main\AndroidManifest.xml:19:5-77
21-->src\main\AndroidManifest.xml:19:22-75
22    <uses-permission android:name="android.permission.SYSTEM_CAMERA" />
22-->src\main\AndroidManifest.xml:20:5-71
22-->src\main\AndroidManifest.xml:20:22-69
23    <uses-permission android:name="android.permission.START_ACTIVITIES_FROM_BACKGROUND" />
23-->src\main\AndroidManifest.xml:21:5-90
23-->src\main\AndroidManifest.xml:21:22-88
24    <uses-permission android:name="android.car.permission.CAR_POWER" />
24-->src\main\AndroidManifest.xml:22:5-71
24-->src\main\AndroidManifest.xml:22:22-69
25
26    <uses-feature
26-->src\main\AndroidManifest.xml:23:5-25:34
27        android:glEsVersion="0x20000"
27-->src\main\AndroidManifest.xml:24:9-38
28        android:required="true" />
28-->src\main\AndroidManifest.xml:25:9-32
29
30    <uses-permission android:name="android.permission.RECEIVE_BOOT_COMPLETED" />
30-->src\main\AndroidManifest.xml:26:5-80
30-->src\main\AndroidManifest.xml:26:22-78
31
32    <uses-feature
32-->src\main\AndroidManifest.xml:27:5-29:35
33        android:name="android.hardware.camera"
33-->src\main\AndroidManifest.xml:28:9-47
34        android:required="false" />
34-->src\main\AndroidManifest.xml:29:9-33
35    <uses-feature
35-->src\main\AndroidManifest.xml:30:5-32:35
36        android:name="android.hardware.camera.autofocus"
36-->src\main\AndroidManifest.xml:31:9-57
37        android:required="false" />
37-->src\main\AndroidManifest.xml:32:9-33
38    <uses-feature
38-->src\main\AndroidManifest.xml:33:5-35:35
39        android:name="android.hardware.camera.front"
39-->src\main\AndroidManifest.xml:34:9-53
40        android:required="false" />
40-->src\main\AndroidManifest.xml:35:9-33
41    <uses-feature
41-->src\main\AndroidManifest.xml:36:5-38:35
42        android:name="android.hardware.microphone"
42-->src\main\AndroidManifest.xml:37:9-51
43        android:required="false" />
43-->src\main\AndroidManifest.xml:38:9-33
44
45    <queries>
45-->src\main\AndroidManifest.xml:39:5-43:15
46        <intent>
46-->src\main\AndroidManifest.xml:40:9-42:18
47            <action android:name="androidx.camera.extensions.action.VENDOR_ACTION" />
47-->src\main\AndroidManifest.xml:41:13-85
47-->src\main\AndroidManifest.xml:41:21-83
48        </intent>
49    </queries>
50
51    <permission
51-->src\main\AndroidManifest.xml:44:5-46:46
52        android:name="com.autolink.dvr.DYNAMIC_RECEIVER_NOT_EXPORTED_PERMISSION"
52-->src\main\AndroidManifest.xml:45:9-81
53        android:protectionLevel="signature" />
53-->src\main\AndroidManifest.xml:46:9-44
54
55    <uses-permission android:name="com.autolink.dvr.DYNAMIC_RECEIVER_NOT_EXPORTED_PERMISSION" />
55-->src\main\AndroidManifest.xml:47:5-96
55-->src\main\AndroidManifest.xml:47:22-94
56
57    <application
57-->src\main\AndroidManifest.xml:48:5-119:19
58        android:name="com.autolink.dvr.DVRApplication"
58-->src\main\AndroidManifest.xml:52:9-55
59        android:allowBackup="true"
59-->src\main\AndroidManifest.xml:54:9-35
60        android:appComponentFactory="androidx.core.app.CoreComponentFactory"
60-->src\main\AndroidManifest.xml:59:9-77
61        android:dataExtractionRules="@xml/data_extraction_rules"
61-->src\main\AndroidManifest.xml:60:9-65
62        android:extractNativeLibs="false"
62-->src\main\AndroidManifest.xml:56:9-42
63        android:fullBackupContent="@xml/backup_rules"
63-->src\main\AndroidManifest.xml:57:9-54
64        android:icon="@mipmap/ic_launcher"
64-->src\main\AndroidManifest.xml:51:9-43
65        android:label="@string/app_name"
65-->src\main\AndroidManifest.xml:50:9-41
66        android:persistent="true"
66-->src\main\AndroidManifest.xml:53:9-34
67        android:roundIcon="@mipmap/ic_launcher_round"
67-->src\main\AndroidManifest.xml:58:9-54
68        android:supportsRtl="true"
68-->src\main\AndroidManifest.xml:55:9-35
69        android:theme="@style/Theme.DVR" >
69-->src\main\AndroidManifest.xml:49:9-41
70        <activity
70-->src\main\AndroidManifest.xml:61:9-69:20
71            android:name="com.autolink.dvr.p003ui.MainActivity"
71-->src\main\AndroidManifest.xml:62:13-64
72            android:exported="true"
72-->src\main\AndroidManifest.xml:63:13-36
73            android:launchMode="singleTask" >
73-->src\main\AndroidManifest.xml:64:13-44
74            <intent-filter>
74-->src\main\AndroidManifest.xml:65:13-68:29
75                <action android:name="android.intent.action.MAIN" />
75-->src\main\AndroidManifest.xml:66:17-68
75-->src\main\AndroidManifest.xml:66:25-66
76
77                <category android:name="android.intent.category.LAUNCHER" />
77-->src\main\AndroidManifest.xml:67:17-76
77-->src\main\AndroidManifest.xml:67:27-74
78            </intent-filter>
79        </activity>
80        <activity
80-->src\main\AndroidManifest.xml:70:9-72:46
81            android:name="com.autolink.dvr.p003ui.file.FileActivity"
81-->src\main\AndroidManifest.xml:71:13-69
82            android:launchMode="singleTask" />
82-->src\main\AndroidManifest.xml:72:13-44
83        <activity
83-->src\main\AndroidManifest.xml:73:9-75:46
84            android:name="com.autolink.dvr.p003ui.VideoActivity"
84-->src\main\AndroidManifest.xml:74:13-65
85            android:launchMode="singleTask" />
85-->src\main\AndroidManifest.xml:75:13-44
86
87        <service
87-->src\main\AndroidManifest.xml:76:9-84:19
88            android:name="com.autolink.dvr.common.service.AidlService"
88-->src\main\AndroidManifest.xml:77:13-71
89            android:enabled="true"
89-->src\main\AndroidManifest.xml:78:13-35
90            android:exported="true" >
90-->src\main\AndroidManifest.xml:79:13-36
91            <intent-filter>
91-->src\main\AndroidManifest.xml:80:13-83:29
92                <action android:name="com.autolink.dvr.aidl.service" />
92-->src\main\AndroidManifest.xml:81:17-71
92-->src\main\AndroidManifest.xml:81:25-69
93
94                <category android:name="android.intent.category.DEFAULT" />
94-->src\main\AndroidManifest.xml:82:17-75
94-->src\main\AndroidManifest.xml:82:27-73
95            </intent-filter>
96        </service>
97        <service android:name="com.autolink.dvr.common.service.DVRService" />
97-->src\main\AndroidManifest.xml:85:9-77
97-->src\main\AndroidManifest.xml:85:18-75
98
99        <receiver
99-->src\main\AndroidManifest.xml:86:9-93:20
100            android:name="com.autolink.dvr.common.receiver.BootCompleteReceiver"
100-->src\main\AndroidManifest.xml:87:13-81
101            android:enabled="true"
101-->src\main\AndroidManifest.xml:88:13-35
102            android:exported="true" >
102-->src\main\AndroidManifest.xml:89:13-36
103            <intent-filter>
103-->src\main\AndroidManifest.xml:90:13-92:29
104                <action android:name="android.intent.action.BOOT_COMPLETED" />
104-->src\main\AndroidManifest.xml:91:17-78
104-->src\main\AndroidManifest.xml:91:25-76
105            </intent-filter>
106        </receiver>
107
108        <meta-data
108-->src\main\AndroidManifest.xml:94:9-96:68
109            android:name="com.google.android.gms.version"
109-->src\main\AndroidManifest.xml:95:13-58
110            android:value="@integer/google_play_services_version" />
110-->src\main\AndroidManifest.xml:96:13-66
111
112        <uses-library
112-->src\main\AndroidManifest.xml:97:9-99:39
113            android:name="androidx.camera.extensions.impl"
113-->src\main\AndroidManifest.xml:98:13-59
114            android:required="false" />
114-->src\main\AndroidManifest.xml:99:13-37
115
116        <service
116-->src\main\AndroidManifest.xml:100:9-107:19
117            android:name="androidx.camera.core.impl.MetadataHolderService"
117-->src\main\AndroidManifest.xml:101:13-75
118            android:enabled="false"
118-->src\main\AndroidManifest.xml:102:13-36
119            android:exported="false" >
119-->src\main\AndroidManifest.xml:103:13-37
120            <meta-data
120-->src\main\AndroidManifest.xml:104:13-106:88
121                android:name="androidx.camera.core.impl.MetadataHolderService.DEFAULT_CONFIG_PROVIDER"
121-->src\main\AndroidManifest.xml:105:17-103
122                android:value="androidx.camera.camera2.Camera2Config$DefaultProvider" />
122-->src\main\AndroidManifest.xml:106:17-86
123        </service>
124
125        <provider
125-->src\main\AndroidManifest.xml:108:9-118:20
126            android:name="androidx.startup.InitializationProvider"
126-->src\main\AndroidManifest.xml:109:13-67
127            android:authorities="com.autolink.dvr.androidx-startup"
127-->src\main\AndroidManifest.xml:111:13-68
128            android:exported="false" >
128-->src\main\AndroidManifest.xml:110:13-37
129            <meta-data
129-->src\main\AndroidManifest.xml:112:13-114:51
130                android:name="androidx.emoji2.text.EmojiCompatInitializer"
130-->src\main\AndroidManifest.xml:113:17-75
131                android:value="androidx.startup" />
131-->src\main\AndroidManifest.xml:114:17-49
132            <meta-data
132-->src\main\AndroidManifest.xml:115:13-117:51
133                android:name="androidx.lifecycle.ProcessLifecycleInitializer"
133-->src\main\AndroidManifest.xml:116:17-78
134                android:value="androidx.startup" />
134-->src\main\AndroidManifest.xml:117:17-49
135        </provider>
136    </application>
137
138</manifest>